/opt/conda/lib/python3.7/site-packages/tqdm/std.py:668: FutureWarning: The Panel class is removed from pandas. Accessing it from the top-level namespace will also be removed in the next version
  from pandas import Panel
Parallel mode is going ...
Model loading was finished ...
Data loading was finished ...
epoch :  1|25, iter :  400|2524,  loss : 85.7536
epoch :  1|25, iter :  800|2524,  loss : 85.6524
epoch :  1|25, iter : 1200|2524,  loss : 85.4916
epoch :  1|25, iter : 1600|2524,  loss : 85.5939
epoch :  1|25, iter : 2000|2524,  loss : 85.5700
epoch :  1|25, iter : 2400|2524,  loss : 85.5492
train_loss : 85.5648
auc : 0.3262, acc : 0.2918, precision : 0.2918, recall : 1.0000, f1_score : 0.4518
------------------------------------ gt vs. pred ------------------------------------
/opt/conda/lib/python3.7/site-packages/sklearn/metrics/_classification.py:1272: UndefinedMetricWarning:

Precision and F-score are ill-defined and being set to 0.0 in labels with no predicted samples. Use `zero_division` parameter to control this behavior.

              precision    recall  f1-score   support

           0     0.0000    0.0000    0.0000     69650
           1     0.2918    1.0000    0.4518     28700

    accuracy                         0.2918     98350
   macro avg     0.1459    0.5000    0.2259     98350
weighted avg     0.0852    0.2918    0.1318     98350

[[    0 69650]
 [    0 28700]]
-------------------------------------------------------------------------------------
test_loss : 5.6477, racc_score : 0.2918
single epoch costs 45.4145 mins
**************** Yahoo, SOTA model was updated ****************
epoch :  2|25, iter :  400|2524,  loss : 85.6154
epoch :  2|25, iter :  800|2524,  loss : 85.7673
epoch :  2|25, iter : 1200|2524,  loss : 85.7188
epoch :  2|25, iter : 1600|2524,  loss : 85.6594
epoch :  2|25, iter : 2000|2524,  loss : 85.4868
epoch :  2|25, iter : 2400|2524,  loss : 85.4170
train_loss : 85.4753
auc : 0.3198, acc : 0.2918, precision : 0.2918, recall : 1.0000, f1_score : 0.4518
------------------------------------ gt vs. pred ------------------------------------
/opt/conda/lib/python3.7/site-packages/sklearn/metrics/_classification.py:1272: UndefinedMetricWarning:

Precision and F-score are ill-defined and being set to 0.0 in labels with no predicted samples. Use `zero_division` parameter to control this behavior.

              precision    recall  f1-score   support

           0     0.0000    0.0000    0.0000     69650
           1     0.2918    1.0000    0.4518     28700

    accuracy                         0.2918     98350
   macro avg     0.1459    0.5000    0.2259     98350
weighted avg     0.0852    0.2918    0.1318     98350

[[    0 69650]
 [    0 28700]]
-------------------------------------------------------------------------------------
test_loss : 5.6666, racc_score : 0.2918
single epoch costs 26.3612 mins
epoch :  3|25, iter :  400|2524,  loss : 85.8243
epoch :  3|25, iter :  800|2524,  loss : 85.7829
epoch :  3|25, iter : 1200|2524,  loss : 85.5937
epoch :  3|25, iter : 1600|2524,  loss : 85.6026
epoch :  3|25, iter : 2000|2524,  loss : 85.5878
epoch :  3|25, iter : 2400|2524,  loss : 85.6120
train_loss : 85.6219
auc : 0.3212, acc : 0.2918, precision : 0.2918, recall : 1.0000, f1_score : 0.4518
------------------------------------ gt vs. pred ------------------------------------
/opt/conda/lib/python3.7/site-packages/sklearn/metrics/_classification.py:1272: UndefinedMetricWarning:

Precision and F-score are ill-defined and being set to 0.0 in labels with no predicted samples. Use `zero_division` parameter to control this behavior.

              precision    recall  f1-score   support

           0     0.0000    0.0000    0.0000     69650
           1     0.2918    1.0000    0.4518     28700

    accuracy                         0.2918     98350
   macro avg     0.1459    0.5000    0.2259     98350
weighted avg     0.0852    0.2918    0.1318     98350

[[    0 69650]
 [    0 28700]]
-------------------------------------------------------------------------------------
test_loss : 5.6677, racc_score : 0.2918
single epoch costs 25.7740 mins
epoch :  4|25, iter :  400|2524,  loss : 85.3533
epoch :  4|25, iter :  800|2524,  loss : 85.4185
epoch :  4|25, iter : 1200|2524,  loss : 85.6014
epoch :  4|25, iter : 1600|2524,  loss : 85.5237
epoch :  4|25, iter : 2000|2524,  loss : 85.5344
epoch :  4|25, iter : 2400|2524,  loss : 85.5927
train_loss : 85.5650
auc : 0.3253, acc : 0.2918, precision : 0.2918, recall : 1.0000, f1_score : 0.4518
------------------------------------ gt vs. pred ------------------------------------
/opt/conda/lib/python3.7/site-packages/sklearn/metrics/_classification.py:1272: UndefinedMetricWarning:

Precision and F-score are ill-defined and being set to 0.0 in labels with no predicted samples. Use `zero_division` parameter to control this behavior.

              precision    recall  f1-score   support

           0     0.0000    0.0000    0.0000     69650
           1     0.2918    1.0000    0.4518     28700

    accuracy                         0.2918     98350
   macro avg     0.1459    0.5000    0.2259     98350
weighted avg     0.0852    0.2918    0.1318     98350

[[    0 69650]
 [    0 28700]]
-------------------------------------------------------------------------------------
test_loss : 5.6492, racc_score : 0.2918
single epoch costs 25.6575 mins
epoch :  5|25, iter :  400|2524,  loss : 86.0600
epoch :  5|25, iter :  800|2524,  loss : 86.0737
epoch :  5|25, iter : 1200|2524,  loss : 85.8182
